# JRE version: OpenJDK Runtime Environment (8.0_152-b01) (build 1.8.0_152-release-1024-b01)
# Java VM: OpenJDK 64-Bit Server VM (25.152-b01 mixed mode linux-amd64 compressed oops)
Heap:
 PSYoungGen      total 471552K, used 0K [0x00000000e0000000, 0x0000000100000000, 0x0000000100000000)
  eden space 418816K, 0% used [0x00000000e0000000,0x00000000e0000000,0x00000000f9900000)
  from space 52736K, 0% used [0x00000000f9900000,0x00000000f9900000,0x00000000fcc80000)
  to   space 52736K, 0% used [0x00000000fcc80000,0x00000000fcc80000,0x0000000100000000)
 ParOldGen       total 152576K, used 97525K [0x00000000a0000000, 0x00000000a9500000, 0x00000000e0000000)
  object space 152576K, 63% used [0x00000000a0000000,0x00000000a5f3d450,0x00000000a9500000)
 Metaspace       used 88192K, capacity 92492K, committed 93568K, reserved 1130496K
  class space    used 11144K, capacity 12171K, committed 12416K, reserved 1048576K
GC Heap History (10 events):
Event: 455.925 GC heap after
Heap after GC invocations=18 (full 3):
 PSYoungGen      total 347648K, used 22027K [0x00000000e0000000, 0x00000000fbd80000, 0x0000000100000000)
  eden space 309760K, 0% used [0x00000000e0000000,0x00000000e0000000,0x00000000f2e80000)
  from space 37888K, 58% used [0x00000000f2e80000,0x00000000f4402e10,0x00000000f5380000)
  to   space 37888K, 0% used [0x00000000f9880000,0x00000000f9880000,0x00000000fbd80000)
 ParOldGen       total 120832K, used 64506K [0x00000000a0000000, 0x00000000a7600000, 0x00000000e0000000)
  object space 120832K, 53% used [0x00000000a0000000,0x00000000a3efe9a0,0x00000000a7600000)
 Metaspace       used 73913K, capacity 77398K, committed 77696K, reserved 1116160K
  class space    used 9575K, capacity 10517K, committed 10624K, reserved 1048576K
}
Event: 457.866 GC heap before
{Heap before GC invocations=19 (full 3):
 PSYoungGen      total 347648K, used 331787K [0x00000000e0000000, 0x00000000fbd80000, 0x0000000100000000)
  eden space 309760K, 100% used [0x00000000e0000000,0x00000000f2e80000,0x00000000f2e80000)
  from space 37888K, 58% used [0x00000000f2e80000,0x00000000f4402e10,0x00000000f5380000)
  to   space 37888K, 0% used [0x00000000f9880000,0x00000000f9880000,0x00000000fbd80000)
 ParOldGen       total 120832K, used 64506K [0x00000000a0000000, 0x00000000a7600000, 0x00000000e0000000)
  object space 120832K, 53% used [0x00000000a0000000,0x00000000a3efe9a0,0x00000000a7600000)
 Metaspace       used 76075K, capacity 79712K, committed 80000K, reserved 1118208K
  class space    used 9870K, capacity 10853K, committed 10880K, reserved 1048576K
Event: 457.960 GC heap after
Heap after GC invocations=19 (full 3):
 PSYoungGen      total 417280K, used 25809K [0x00000000e0000000, 0x00000000fcc80000, 0x0000000100000000)
  eden space 379392K, 0% used [0x00000000e0000000,0x00000000e0000000,0x00000000f7280000)
  from space 37888K, 68% used [0x00000000f9880000,0x00000000fb1b4638,0x00000000fbd80000)
  to   space 38912K, 0% used [0x00000000f7280000,0x00000000f7280000,0x00000000f9880000)
 ParOldGen       total 120832K, used 64514K [0x00000000a0000000, 0x00000000a7600000, 0x00000000e0000000)
  object space 120832K, 53% used [0x00000000a0000000,0x00000000a3f009a0,0x00000000a7600000)
 Metaspace       used 76075K, capacity 79712K, committed 80000K, reserved 1118208K
  class space    used 9870K, capacity 10853K, committed 10880K, reserved 1048576K
}
Event: 462.088 GC heap before
{Heap before GC invocations=20 (full 3):
 PSYoungGen      total 417280K, used 405201K [0x00000000e0000000, 0x00000000fcc80000, 0x0000000100000000)
  eden space 379392K, 100% used [0x00000000e0000000,0x00000000f7280000,0x00000000f7280000)
  from space 37888K, 68% used [0x00000000f9880000,0x00000000fb1b4638,0x00000000fbd80000)
  to   space 38912K, 0% used [0x00000000f7280000,0x00000000f7280000,0x00000000f9880000)
 ParOldGen       total 120832K, used 64514K [0x00000000a0000000, 0x00000000a7600000, 0x00000000e0000000)
  object space 120832K, 53% used [0x00000000a0000000,0x00000000a3f009a0,0x00000000a7600000)
 Metaspace       used 79038K, capacity 82762K, committed 82944K, reserved 1120256K
  class space    used 10175K, capacity 11164K, committed 11264K, reserved 1048576K
Event: 462.135 GC heap after
Heap after GC invocations=20 (full 3):
 PSYoungGen      total 418304K, used 26940K [0x00000000e0000000, 0x00000000fff80000, 0x0000000100000000)
  eden space 379392K, 0% used [0x00000000e0000000,0x00000000e0000000,0x00000000f7280000)
  from space 38912K, 69% used [0x00000000f7280000,0x00000000f8ccf2c0,0x00000000f9880000)
  to   space 40448K, 0% used [0x00000000fd800000,0x00000000fd800000,0x00000000fff80000)
 ParOldGen       total 120832K, used 64522K [0x00000000a0000000, 0x00000000a7600000, 0x00000000e0000000)
  object space 120832K, 53% used [0x00000000a0000000,0x00000000a3f029a0,0x00000000a7600000)
 Metaspace       used 79038K, capacity 82762K, committed 82944K, reserved 1120256K
  class space    used 10175K, capacity 11164K, committed 11264K, reserved 1048576K
}
Event: 541.570 GC heap before
{Heap before GC invocations=21 (full 3):
 PSYoungGen      total 418304K, used 406309K [0x00000000e0000000, 0x00000000fff80000, 0x0000000100000000)
  eden space 379392K, 99% used [0x00000000e0000000,0x00000000f727a2f0,0x00000000f7280000)
  from space 38912K, 69% used [0x00000000f7280000,0x00000000f8ccf2c0,0x00000000f9880000)
  to   space 40448K, 0% used [0x00000000fd800000,0x00000000fd800000,0x00000000fff80000)
 ParOldGen       total 120832K, used 64522K [0x00000000a0000000, 0x00000000a7600000, 0x00000000e0000000)
  object space 120832K, 53% used [0x00000000a0000000,0x00000000a3f029a0,0x00000000a7600000)
 Metaspace       used 86203K, capacity 90358K, committed 90624K, reserved 1128448K
  class space    used 10964K, capacity 11986K, committed 12032K, reserved 1048576K
Event: 541.647 GC heap after
Heap after GC invocations=21 (full 3):
 PSYoungGen      total 459264K, used 40444K [0x00000000e0000000, 0x0000000100000000, 0x0000000100000000)
  eden space 418816K, 0% used [0x00000000e0000000,0x00000000e0000000,0x00000000f9900000)
  from space 40448K, 99% used [0x00000000fd800000,0x00000000fff7f338,0x00000000fff80000)
  to   space 52736K, 0% used [0x00000000f9900000,0x00000000f9900000,0x00000000fcc80000)
 ParOldGen       total 120832K, used 80818K [0x00000000a0000000, 0x00000000a7600000, 0x00000000e0000000)
  object space 120832K, 66% used [0x00000000a0000000,0x00000000a4eecb38,0x00000000a7600000)
 Metaspace       used 86203K, capacity 90358K, committed 90624K, reserved 1128448K
  class space    used 10964K, capacity 11986K, committed 12032K, reserved 1048576K
}
Event: 544.356 GC heap before
{Heap before GC invocations=22 (full 3):
 PSYoungGen      total 459264K, used 459260K [0x00000000e0000000, 0x0000000100000000, 0x0000000100000000)
  eden space 418816K, 100% used [0x00000000e0000000,0x00000000f9900000,0x00000000f9900000)
  from space 40448K, 99% used [0x00000000fd800000,0x00000000fff7f338,0x00000000fff80000)
  to   space 52736K, 0% used [0x00000000f9900000,0x00000000f9900000,0x00000000fcc80000)
 ParOldGen       total 120832K, used 80818K [0x00000000a0000000, 0x00000000a7600000, 0x00000000e0000000)
  object space 120832K, 66% used [0x00000000a0000000,0x00000000a4eecb38,0x00000000a7600000)
 Metaspace       used 88980K, capacity 93436K, committed 93568K, reserved 1130496K
  class space    used 11234K, capacity 12317K, committed 12416K, reserved 1048576K
Event: 544.468 GC heap after
Heap after GC invocations=22 (full 3):
 PSYoungGen      total 471552K, used 52733K [0x00000000e0000000, 0x0000000100000000, 0x0000000100000000)
  eden space 418816K, 0% used [0x00000000e0000000,0x00000000e0000000,0x00000000f9900000)
  from space 52736K, 99% used [0x00000000f9900000,0x00000000fcc7f640,0x00000000fcc80000)
  to   space 52736K, 0% used [0x00000000fcc80000,0x00000000fcc80000,0x0000000100000000)
 ParOldGen       total 152576K, used 152458K [0x00000000a0000000, 0x00000000a9500000, 0x00000000e0000000)
  object space 152576K, 99% used [0x00000000a0000000,0x00000000a94e2828,0x00000000a9500000)
 Metaspace       used 88980K, capacity 93436K, committed 93568K, reserved 1130496K
  class space    used 11234K, capacity 12317K, committed 12416K, reserved 1048576K
}
Event: 544.470 GC heap before
{Heap before GC invocations=23 (full 4):
 PSYoungGen      total 471552K, used 52733K [0x00000000e0000000, 0x0000000100000000, 0x0000000100000000)
  eden space 418816K, 0% used [0x00000000e0000000,0x00000000e0000000,0x00000000f9900000)
  from space 52736K, 99% used [0x00000000f9900000,0x00000000fcc7f640,0x00000000fcc80000)
  to   space 52736K, 0% used [0x00000000fcc80000,0x00000000fcc80000,0x0000000100000000)
 ParOldGen       total 152576K, used 152458K [0x00000000a0000000, 0x00000000a9500000, 0x00000000e0000000)
  object space 152576K, 99% used [0x00000000a0000000,0x00000000a94e2828,0x00000000a9500000)
 Metaspace       used 88980K, capacity 93436K, committed 93568K, reserved 1130496K
  class space    used 11234K, capacity 12317K, committed 12416K, reserved 1048576K

